<?xml version="1.0"?>
<!DOCTYPE coverage SYSTEM "http://cobertura.sourceforge.net/xml/coverage-04.dtd">

<coverage line-rate="0.6671619613670133" branch-rate="0.7468354430379747" lines-covered="449" lines-valid="673" branches-covered="177" branches-valid="237" complexity="1.9751552795031055" version="2.1.1" timestamp="1508789299516">
    <sources>
        <source>--source</source>
        <source>/cs-couchbase/src/main/java</source>
    </sources>
    <packages>
        <package name="io.cloudslang.content.couchbase.actions.buckets" line-rate="0.0" branch-rate="1.0" complexity="3.0">
            <classes>
                <class name="io.cloudslang.content.couchbase.actions.buckets.CreateOrEditBucket" filename="io/cloudslang/content/couchbase/actions/buckets/CreateOrEditBucket.java" line-rate="0.0" branch-rate="1.0" complexity="3.0">
                    <methods>
                        <method name="&lt;init&gt;" signature="()V" line-rate="0.0" branch-rate="1.0" complexity="0">
                            <lines>
                                <line number="61" hits="0"/>
                            </lines>
                        </method>
                        <method name="execute" signature="(Ljava/lang/String;Ljava/lang/String;Ljava/lang/String;Ljava/lang/String;Ljava/lang/String;Ljava/lang/String;Ljava/lang/String;Ljava/lang/String;Ljava/lang/String;Ljava/lang/String;Ljava/lang/String;Ljava/lang/String;Ljava/lang/String;Ljava/lang/String;Ljava/lang/String;Ljava/lang/String;Ljava/lang/String;Ljava/lang/String;Ljava/lang/String;Ljava/lang/String;Ljava/lang/String;Ljava/lang/String;Ljava/lang/String;Ljava/lang/String;Ljava/lang/String;Ljava/lang/String;Ljava/lang/String;Ljava/lang/String;Ljava/lang/String;Ljava/lang/String;)Ljava/util/Map;" line-rate="0.0" branch-rate="1.0" complexity="0">
                            <lines>
                                <line number="226" hits="0"/>
                                <line number="230" hits="0"/>
                                <line number="231" hits="0"/>
                                <line number="232" hits="0"/>
                                <line number="233" hits="0"/>
                                <line number="234" hits="0"/>
                                <line number="236" hits="0"/>
                                <line number="237" hits="0"/>
                                <line number="238" hits="0"/>
                                <line number="239" hits="0"/>
                                <line number="240" hits="0"/>
                                <line number="241" hits="0"/>
                                <line number="242" hits="0"/>
                                <line number="243" hits="0"/>
                                <line number="244" hits="0"/>
                                <line number="245" hits="0"/>
                                <line number="246" hits="0"/>
                                <line number="247" hits="0"/>
                                <line number="248" hits="0"/>
                                <line number="249" hits="0"/>
                                <line number="250" hits="0"/>
                                <line number="252" hits="0"/>
                                <line number="253" hits="0"/>
                                <line number="254" hits="0"/>
                            </lines>
                        </method>
                    </methods>
                    <lines>
                        <line number="61" hits="0"/>
                        <line number="226" hits="0"/>
                        <line number="230" hits="0"/>
                        <line number="231" hits="0"/>
                        <line number="232" hits="0"/>
                        <line number="233" hits="0"/>
                        <line number="234" hits="0"/>
                        <line number="236" hits="0"/>
                        <line number="237" hits="0"/>
                        <line number="238" hits="0"/>
                        <line number="239" hits="0"/>
                        <line number="240" hits="0"/>
                        <line number="241" hits="0"/>
                        <line number="242" hits="0"/>
                        <line number="243" hits="0"/>
                        <line number="244" hits="0"/>
                        <line number="245" hits="0"/>
                        <line number="246" hits="0"/>
                        <line number="247" hits="0"/>
                        <line number="248" hits="0"/>
                        <line number="249" hits="0"/>
                        <line number="250" hits="0"/>
                        <line number="252" hits="0"/>
                        <line number="253" hits="0"/>
                        <line number="254" hits="0"/>
                    </lines>
                </class>
                <class name="io.cloudslang.content.couchbase.actions.buckets.DeleteBucket" filename="io/cloudslang/content/couchbase/actions/buckets/DeleteBucket.java" line-rate="0.0" branch-rate="1.0" complexity="3.0">
                    <methods>
                        <method name="&lt;init&gt;" signature="()V" line-rate="0.0" branch-rate="1.0" complexity="0">
                            <lines>
                                <line number="60" hits="0"/>
                            </lines>
                        </method>
                        <method name="execute" signature="(Ljava/lang/String;Ljava/lang/String;Ljava/lang/String;Ljava/lang/String;Ljava/lang/String;Ljava/lang/String;Ljava/lang/String;Ljava/lang/String;Ljava/lang/String;Ljava/lang/String;Ljava/lang/String;Ljava/lang/String;Ljava/lang/String;Ljava/lang/String;Ljava/lang/String;Ljava/lang/String;Ljava/lang/String;Ljava/lang/String;)Ljava/util/Map;" line-rate="0.0" branch-rate="1.0" complexity="0">
                            <lines>
                                <line number="166" hits="0"/>
                                <line number="170" hits="0"/>
                                <line number="171" hits="0"/>
                                <line number="172" hits="0"/>
                                <line number="173" hits="0"/>
                                <line number="174" hits="0"/>
                                <line number="176" hits="0"/>
                                <line number="178" hits="0"/>
                                <line number="179" hits="0"/>
                                <line number="180" hits="0"/>
                            </lines>
                        </method>
                    </methods>
                    <lines>
                        <line number="60" hits="0"/>
                        <line number="166" hits="0"/>
                        <line number="170" hits="0"/>
                        <line number="171" hits="0"/>
                        <line number="172" hits="0"/>
                        <line number="173" hits="0"/>
                        <line number="174" hits="0"/>
                        <line number="176" hits="0"/>
                        <line number="178" hits="0"/>
                        <line number="179" hits="0"/>
                        <line number="180" hits="0"/>
                    </lines>
                </class>
                <class name="io.cloudslang.content.couchbase.actions.buckets.GetAllBuckets" filename="io/cloudslang/content/couchbase/actions/buckets/GetAllBuckets.java" line-rate="0.0" branch-rate="1.0" complexity="3.0">
                    <methods>
                        <method name="&lt;init&gt;" signature="()V" line-rate="0.0" branch-rate="1.0" complexity="0">
                            <lines>
                                <line number="59" hits="0"/>
                            </lines>
                        </method>
                        <method name="execute" signature="(Ljava/lang/String;Ljava/lang/String;Ljava/lang/String;Ljava/lang/String;Ljava/lang/String;Ljava/lang/String;Ljava/lang/String;Ljava/lang/String;Ljava/lang/String;Ljava/lang/String;Ljava/lang/String;Ljava/lang/String;Ljava/lang/String;Ljava/lang/String;Ljava/lang/String;Ljava/lang/String;Ljava/lang/String;)Ljava/util/Map;" line-rate="0.0" branch-rate="1.0" complexity="0">
                            <lines>
                                <line number="154" hits="0"/>
                                <line number="158" hits="0"/>
                                <line number="159" hits="0"/>
                                <line number="160" hits="0"/>
                                <line number="161" hits="0"/>
                                <line number="162" hits="0"/>
                                <line number="164" hits="0"/>
                                <line number="165" hits="0"/>
                                <line number="166" hits="0"/>
                            </lines>
                        </method>
                    </methods>
                    <lines>
                        <line number="59" hits="0"/>
                        <line number="154" hits="0"/>
                        <line number="158" hits="0"/>
                        <line number="159" hits="0"/>
                        <line number="160" hits="0"/>
                        <line number="161" hits="0"/>
                        <line number="162" hits="0"/>
                        <line number="164" hits="0"/>
                        <line number="165" hits="0"/>
                        <line number="166" hits="0"/>
                    </lines>
                </class>
                <class name="io.cloudslang.content.couchbase.actions.buckets.GetBucket" filename="io/cloudslang/content/couchbase/actions/buckets/GetBucket.java" line-rate="0.0" branch-rate="1.0" complexity="3.0">
                    <methods>
                        <method name="&lt;init&gt;" signature="()V" line-rate="0.0" branch-rate="1.0" complexity="0">
                            <lines>
                                <line number="60" hits="0"/>
                            </lines>
                        </method>
                        <method name="execute" signature="(Ljava/lang/String;Ljava/lang/String;Ljava/lang/String;Ljava/lang/String;Ljava/lang/String;Ljava/lang/String;Ljava/lang/String;Ljava/lang/String;Ljava/lang/String;Ljava/lang/String;Ljava/lang/String;Ljava/lang/String;Ljava/lang/String;Ljava/lang/String;Ljava/lang/String;Ljava/lang/String;Ljava/lang/String;Ljava/lang/String;)Ljava/util/Map;" line-rate="0.0" branch-rate="1.0" complexity="0">
                            <lines>
                                <line number="157" hits="0"/>
                                <line number="161" hits="0"/>
                                <line number="162" hits="0"/>
                                <line number="163" hits="0"/>
                                <line number="164" hits="0"/>
                                <line number="165" hits="0"/>
                                <line number="167" hits="0"/>
                                <line number="169" hits="0"/>
                                <line number="170" hits="0"/>
                                <line number="171" hits="0"/>
                            </lines>
                        </method>
                    </methods>
                    <lines>
                        <line number="60" hits="0"/>
                        <line number="157" hits="0"/>
                        <line number="161" hits="0"/>
                        <line number="162" hits="0"/>
                        <line number="163" hits="0"/>
                        <line number="164" hits="0"/>
                        <line number="165" hits="0"/>
                        <line number="167" hits="0"/>
                        <line number="169" hits="0"/>
                        <line number="170" hits="0"/>
                        <line number="171" hits="0"/>
                    </lines>
                </class>
                <class name="io.cloudslang.content.couchbase.actions.buckets.GetBucketStatistics" filename="io/cloudslang/content/couchbase/actions/buckets/GetBucketStatistics.java" line-rate="0.0" branch-rate="1.0" complexity="3.0">
                    <methods>
                        <method name="&lt;init&gt;" signature="()V" line-rate="0.0" branch-rate="1.0" complexity="0">
                            <lines>
                                <line number="62" hits="0"/>
                            </lines>
                        </method>
                        <method name="execute" signature="(Ljava/lang/String;Ljava/lang/String;Ljava/lang/String;Ljava/lang/String;Ljava/lang/String;Ljava/lang/String;Ljava/lang/String;Ljava/lang/String;Ljava/lang/String;Ljava/lang/String;Ljava/lang/String;Ljava/lang/String;Ljava/lang/String;Ljava/lang/String;Ljava/lang/String;Ljava/lang/String;Ljava/lang/String;Ljava/lang/String;)Ljava/util/Map;" line-rate="0.0" branch-rate="1.0" complexity="0">
                            <lines>
                                <line number="159" hits="0"/>
                                <line number="163" hits="0"/>
                                <line number="164" hits="0"/>
                                <line number="165" hits="0"/>
                                <line number="166" hits="0"/>
                                <line number="167" hits="0"/>
                                <line number="169" hits="0"/>
                                <line number="171" hits="0"/>
                                <line number="172" hits="0"/>
                                <line number="173" hits="0"/>
                            </lines>
                        </method>
                    </methods>
                    <lines>
                        <line number="62" hits="0"/>
                        <line number="159" hits="0"/>
                        <line number="163" hits="0"/>
                        <line number="164" hits="0"/>
                        <line number="165" hits="0"/>
                        <line number="166" hits="0"/>
                        <line number="167" hits="0"/>
                        <line number="169" hits="0"/>
                        <line number="171" hits="0"/>
                        <line number="172" hits="0"/>
                        <line number="173" hits="0"/>
                    </lines>
                </class>
            </classes>
        </package>
        <package name="io.cloudslang.content.couchbase.actions.cluster" line-rate="0.0" branch-rate="1.0" complexity="3.0">
            <classes>
                <class name="io.cloudslang.content.couchbase.actions.cluster.GetClusterDetails" filename="io/cloudslang/content/couchbase/actions/cluster/GetClusterDetails.java" line-rate="0.0" branch-rate="1.0" complexity="3.0">
                    <methods>
                        <method name="&lt;init&gt;" signature="()V" line-rate="0.0" branch-rate="1.0" complexity="0">
                            <lines>
                                <line number="58" hits="0"/>
                            </lines>
                        </method>
                        <method name="execute" signature="(Ljava/lang/String;Ljava/lang/String;Ljava/lang/String;Ljava/lang/String;Ljava/lang/String;Ljava/lang/String;Ljava/lang/String;Ljava/lang/String;Ljava/lang/String;Ljava/lang/String;Ljava/lang/String;Ljava/lang/String;Ljava/lang/String;Ljava/lang/String;Ljava/lang/String;Ljava/lang/String;Ljava/lang/String;)Ljava/util/Map;" line-rate="0.0" branch-rate="1.0" complexity="0">
                            <lines>
                                <line number="153" hits="0"/>
                                <line number="157" hits="0"/>
                                <line number="158" hits="0"/>
                                <line number="159" hits="0"/>
                                <line number="160" hits="0"/>
                                <line number="161" hits="0"/>
                                <line number="163" hits="0"/>
                                <line number="164" hits="0"/>
                                <line number="165" hits="0"/>
                            </lines>
                        </method>
                    </methods>
                    <lines>
                        <line number="58" hits="0"/>
                        <line number="153" hits="0"/>
                        <line number="157" hits="0"/>
                        <line number="158" hits="0"/>
                        <line number="159" hits="0"/>
                        <line number="160" hits="0"/>
                        <line number="161" hits="0"/>
                        <line number="163" hits="0"/>
                        <line number="164" hits="0"/>
                        <line number="165" hits="0"/>
                    </lines>
                </class>
                <class name="io.cloudslang.content.couchbase.actions.cluster.GetClusterInfo" filename="io/cloudslang/content/couchbase/actions/cluster/GetClusterInfo.java" line-rate="0.0" branch-rate="1.0" complexity="3.0">
                    <methods>
                        <method name="&lt;init&gt;" signature="()V" line-rate="0.0" branch-rate="1.0" complexity="0">
                            <lines>
                                <line number="58" hits="0"/>
                            </lines>
                        </method>
                        <method name="execute" signature="(Ljava/lang/String;Ljava/lang/String;Ljava/lang/String;Ljava/lang/String;Ljava/lang/String;Ljava/lang/String;Ljava/lang/String;Ljava/lang/String;Ljava/lang/String;Ljava/lang/String;Ljava/lang/String;Ljava/lang/String;Ljava/lang/String;Ljava/lang/String;Ljava/lang/String;Ljava/lang/String;Ljava/lang/String;)Ljava/util/Map;" line-rate="0.0" branch-rate="1.0" complexity="0">
                            <lines>
                                <line number="153" hits="0"/>
                                <line number="157" hits="0"/>
                                <line number="158" hits="0"/>
                                <line number="159" hits="0"/>
                                <line number="160" hits="0"/>
                                <line number="161" hits="0"/>
                                <line number="163" hits="0"/>
                                <line number="164" hits="0"/>
                                <line number="165" hits="0"/>
                            </lines>
                        </method>
                    </methods>
                    <lines>
                        <line number="58" hits="0"/>
                        <line number="153" hits="0"/>
                        <line number="157" hits="0"/>
                        <line number="158" hits="0"/>
                        <line number="159" hits="0"/>
                        <line number="160" hits="0"/>
                        <line number="161" hits="0"/>
                        <line number="163" hits="0"/>
                        <line number="164" hits="0"/>
                        <line number="165" hits="0"/>
                    </lines>
                </class>
                <class name="io.cloudslang.content.couchbase.actions.cluster.RebalancingNodes" filename="io/cloudslang/content/couchbase/actions/cluster/RebalancingNodes.java" line-rate="0.0" branch-rate="1.0" complexity="3.0">
                    <methods>
                        <method name="&lt;init&gt;" signature="()V" line-rate="0.0" branch-rate="1.0" complexity="0">
                            <lines>
                                <line number="62" hits="0"/>
                            </lines>
                        </method>
                        <method name="execute" signature="(Ljava/lang/String;Ljava/lang/String;Ljava/lang/String;Ljava/lang/String;Ljava/lang/String;Ljava/lang/String;Ljava/lang/String;Ljava/lang/String;Ljava/lang/String;Ljava/lang/String;Ljava/lang/String;Ljava/lang/String;Ljava/lang/String;Ljava/lang/String;Ljava/lang/String;Ljava/lang/String;Ljava/lang/String;Ljava/lang/String;Ljava/lang/String;Ljava/lang/String;)Ljava/util/Map;" line-rate="0.0" branch-rate="1.0" complexity="0">
                            <lines>
                                <line number="167" hits="0"/>
                                <line number="171" hits="0"/>
                                <line number="172" hits="0"/>
                                <line number="173" hits="0"/>
                                <line number="174" hits="0"/>
                                <line number="175" hits="0"/>
                                <line number="176" hits="0"/>
                                <line number="178" hits="0"/>
                                <line number="179" hits="0"/>
                                <line number="180" hits="0"/>
                                <line number="181" hits="0"/>
                                <line number="183" hits="0"/>
                                <line number="184" hits="0"/>
                                <line number="185" hits="0"/>
                            </lines>
                        </method>
                    </methods>
                    <lines>
                        <line number="62" hits="0"/>
                        <line number="167" hits="0"/>
                        <line number="171" hits="0"/>
                        <line number="172" hits="0"/>
                        <line number="173" hits="0"/>
                        <line number="174" hits="0"/>
                        <line number="175" hits="0"/>
                        <line number="176" hits="0"/>
                        <line number="178" hits="0"/>
                        <line number="179" hits="0"/>
                        <line number="180" hits="0"/>
                        <line number="181" hits="0"/>
                        <line number="183" hits="0"/>
                        <line number="184" hits="0"/>
                        <line number="185" hits="0"/>
                    </lines>
                </class>
            </classes>
        </package>
        <package name="io.cloudslang.content.couchbase.actions.nodes" line-rate="0.0" branch-rate="1.0" complexity="3.0">
            <classes>
                <class name="io.cloudslang.content.couchbase.actions.nodes.FailOverNode" filename="io/cloudslang/content/couchbase/actions/nodes/FailOverNode.java" line-rate="0.0" branch-rate="1.0" complexity="3.0">
                    <methods>
                        <method name="&lt;init&gt;" signature="()V" line-rate="0.0" branch-rate="1.0" complexity="0">
                            <lines>
                                <line number="60" hits="0"/>
                            </lines>
                        </method>
                        <method name="execute" signature="(Ljava/lang/String;Ljava/lang/String;Ljava/lang/String;Ljava/lang/String;Ljava/lang/String;Ljava/lang/String;Ljava/lang/String;Ljava/lang/String;Ljava/lang/String;Ljava/lang/String;Ljava/lang/String;Ljava/lang/String;Ljava/lang/String;Ljava/lang/String;Ljava/lang/String;Ljava/lang/String;Ljava/lang/String;Ljava/lang/String;)Ljava/util/Map;" line-rate="0.0" branch-rate="1.0" complexity="0">
                            <lines>
                                <line number="160" hits="0"/>
                                <line number="164" hits="0"/>
                                <line number="165" hits="0"/>
                                <line number="166" hits="0"/>
                                <line number="167" hits="0"/>
                                <line number="168" hits="0"/>
                                <line number="170" hits="0"/>
                                <line number="171" hits="0"/>
                                <line number="172" hits="0"/>
                                <line number="174" hits="0"/>
                                <line number="175" hits="0"/>
                                <line number="176" hits="0"/>
                            </lines>
                        </method>
                    </methods>
                    <lines>
                        <line number="60" hits="0"/>
                        <line number="160" hits="0"/>
                        <line number="164" hits="0"/>
                        <line number="165" hits="0"/>
                        <line number="166" hits="0"/>
                        <line number="167" hits="0"/>
                        <line number="168" hits="0"/>
                        <line number="170" hits="0"/>
                        <line number="171" hits="0"/>
                        <line number="172" hits="0"/>
                        <line number="174" hits="0"/>
                        <line number="175" hits="0"/>
                        <line number="176" hits="0"/>
                    </lines>
                </class>
                <class name="io.cloudslang.content.couchbase.actions.nodes.GracefulFailOverNode" filename="io/cloudslang/content/couchbase/actions/nodes/GracefulFailOverNode.java" line-rate="0.0" branch-rate="1.0" complexity="3.0">
                    <methods>
                        <method name="&lt;init&gt;" signature="()V" line-rate="0.0" branch-rate="1.0" complexity="0">
                            <lines>
                                <line number="60" hits="0"/>
                            </lines>
                        </method>
                        <method name="execute" signature="(Ljava/lang/String;Ljava/lang/String;Ljava/lang/String;Ljava/lang/String;Ljava/lang/String;Ljava/lang/String;Ljava/lang/String;Ljava/lang/String;Ljava/lang/String;Ljava/lang/String;Ljava/lang/String;Ljava/lang/String;Ljava/lang/String;Ljava/lang/String;Ljava/lang/String;Ljava/lang/String;Ljava/lang/String;Ljava/lang/String;)Ljava/util/Map;" line-rate="0.0" branch-rate="1.0" complexity="0">
                            <lines>
                                <line number="159" hits="0"/>
                                <line number="163" hits="0"/>
                                <line number="164" hits="0"/>
                                <line number="165" hits="0"/>
                                <line number="166" hits="0"/>
                                <line number="167" hits="0"/>
                                <line number="169" hits="0"/>
                                <line number="170" hits="0"/>
                                <line number="171" hits="0"/>
                                <line number="173" hits="0"/>
                                <line number="174" hits="0"/>
                                <line number="175" hits="0"/>
                            </lines>
                        </method>
                    </methods>
                    <lines>
                        <line number="60" hits="0"/>
                        <line number="159" hits="0"/>
                        <line number="163" hits="0"/>
                        <line number="164" hits="0"/>
                        <line number="165" hits="0"/>
                        <line number="166" hits="0"/>
                        <line number="167" hits="0"/>
                        <line number="169" hits="0"/>
                        <line number="170" hits="0"/>
                        <line number="171" hits="0"/>
                        <line number="173" hits="0"/>
                        <line number="174" hits="0"/>
                        <line number="175" hits="0"/>
                    </lines>
                </class>
                <class name="io.cloudslang.content.couchbase.actions.nodes.SetRecoveryType" filename="io/cloudslang/content/couchbase/actions/nodes/SetRecoveryType.java" line-rate="0.0" branch-rate="1.0" complexity="3.0">
                    <methods>
                        <method name="&lt;init&gt;" signature="()V" line-rate="0.0" branch-rate="1.0" complexity="0">
                            <lines>
                                <line number="61" hits="0"/>
                            </lines>
                        </method>
                        <method name="execute" signature="(Ljava/lang/String;Ljava/lang/String;Ljava/lang/String;Ljava/lang/String;Ljava/lang/String;Ljava/lang/String;Ljava/lang/String;Ljava/lang/String;Ljava/lang/String;Ljava/lang/String;Ljava/lang/String;Ljava/lang/String;Ljava/lang/String;Ljava/lang/String;Ljava/lang/String;Ljava/lang/String;Ljava/lang/String;Ljava/lang/String;Ljava/lang/String;)Ljava/util/Map;" line-rate="0.0" branch-rate="1.0" complexity="0">
                            <lines>
                                <line number="166" hits="0"/>
                                <line number="170" hits="0"/>
                                <line number="171" hits="0"/>
                                <line number="172" hits="0"/>
                                <line number="173" hits="0"/>
                                <line number="174" hits="0"/>
                                <line number="176" hits="0"/>
                                <line number="177" hits="0"/>
                                <line number="178" hits="0"/>
                                <line number="179" hits="0"/>
                                <line number="181" hits="0"/>
                                <line number="182" hits="0"/>
                                <line number="183" hits="0"/>
                            </lines>
                        </method>
                    </methods>
                    <lines>
                        <line number="61" hits="0"/>
                        <line number="166" hits="0"/>
                        <line number="170" hits="0"/>
                        <line number="171" hits="0"/>
                        <line number="172" hits="0"/>
                        <line number="173" hits="0"/>
                        <line number="174" hits="0"/>
                        <line number="176" hits="0"/>
                        <line number="177" hits="0"/>
                        <line number="178" hits="0"/>
                        <line number="179" hits="0"/>
                        <line number="181" hits="0"/>
                        <line number="182" hits="0"/>
                        <line number="183" hits="0"/>
                    </lines>
                </class>
            </classes>
        </package>
        <package name="io.cloudslang.content.couchbase.actions.views" line-rate="0.0" branch-rate="1.0" complexity="3.0">
            <classes>
                <class name="io.cloudslang.content.couchbase.actions.views.GetDesignDocsInfo" filename="io/cloudslang/content/couchbase/actions/views/GetDesignDocsInfo.java" line-rate="0.0" branch-rate="1.0" complexity="3.0">
                    <methods>
                        <method name="&lt;init&gt;" signature="()V" line-rate="0.0" branch-rate="1.0" complexity="0">
                            <lines>
                                <line number="60" hits="0"/>
                            </lines>
                        </method>
                        <method name="execute" signature="(Ljava/lang/String;Ljava/lang/String;Ljava/lang/String;Ljava/lang/String;Ljava/lang/String;Ljava/lang/String;Ljava/lang/String;Ljava/lang/String;Ljava/lang/String;Ljava/lang/String;Ljava/lang/String;Ljava/lang/String;Ljava/lang/String;Ljava/lang/String;Ljava/lang/String;Ljava/lang/String;Ljava/lang/String;Ljava/lang/String;)Ljava/util/Map;" line-rate="0.0" branch-rate="1.0" complexity="0">
                            <lines>
                                <line number="157" hits="0"/>
                                <line number="161" hits="0"/>
                                <line number="162" hits="0"/>
                                <line number="163" hits="0"/>
                                <line number="164" hits="0"/>
                                <line number="165" hits="0"/>
                                <line number="167" hits="0"/>
                                <line number="168" hits="0"/>
                                <line number="169" hits="0"/>
                                <line number="171" hits="0"/>
                                <line number="172" hits="0"/>
                                <line number="173" hits="0"/>
                            </lines>
                        </method>
                    </methods>
                    <lines>
                        <line number="60" hits="0"/>
                        <line number="157" hits="0"/>
                        <line number="161" hits="0"/>
                        <line number="162" hits="0"/>
                        <line number="163" hits="0"/>
                        <line number="164" hits="0"/>
                        <line number="165" hits="0"/>
                        <line number="167" hits="0"/>
                        <line number="168" hits="0"/>
                        <line number="169" hits="0"/>
                        <line number="171" hits="0"/>
                        <line number="172" hits="0"/>
                        <line number="173" hits="0"/>
                    </lines>
                </class>
            </classes>
        </package>
        <package name="io.cloudslang.content.couchbase.entities.constants" line-rate="0.0" branch-rate="1.0" complexity="1.0">
            <classes>
                <class name="io.cloudslang.content.couchbase.entities.constants.Constants" filename="io/cloudslang/content/couchbase/entities/constants/Constants.java" line-rate="0.0" branch-rate="1.0" complexity="1.0">
                    <methods>
                        <method name="&lt;init&gt;" signature="()V" line-rate="0.0" branch-rate="1.0" complexity="0">
                            <lines>
                                <line number="18" hits="0"/>
                                <line number="20" hits="0"/>
                            </lines>
                        </method>
                    </methods>
                    <lines>
                        <line number="18" hits="0"/>
                        <line number="20" hits="0"/>
                    </lines>
                </class>
                <class name="io.cloudslang.content.couchbase.entities.constants.Constants$Api" filename="io/cloudslang/content/couchbase/entities/constants/Constants.java" line-rate="0.0" branch-rate="1.0" complexity="1.0">
                    <methods>
                        <method name="&lt;init&gt;" signature="()V" line-rate="0.0" branch-rate="1.0" complexity="0">
                            <lines>
                                <line number="22" hits="0"/>
                            </lines>
                        </method>
                    </methods>
                    <lines>
                        <line number="22" hits="0"/>
                    </lines>
                </class>
                <class name="io.cloudslang.content.couchbase.entities.constants.Constants$BucketActions" filename="io/cloudslang/content/couchbase/entities/constants/Constants.java" line-rate="0.0" branch-rate="1.0" complexity="1.0">
                    <methods>
                        <method name="&lt;init&gt;" signature="()V" line-rate="0.0" branch-rate="1.0" complexity="0">
                            <lines>
                                <line number="39" hits="0"/>
                            </lines>
                        </method>
                    </methods>
                    <lines>
                        <line number="39" hits="0"/>
                    </lines>
                </class>
                <class name="io.cloudslang.content.couchbase.entities.constants.Constants$ClusterActions" filename="io/cloudslang/content/couchbase/entities/constants/Constants.java" line-rate="0.0" branch-rate="1.0" complexity="1.0">
                    <methods>
                        <method name="&lt;init&gt;" signature="()V" line-rate="0.0" branch-rate="1.0" complexity="0">
                            <lines>
                                <line number="47" hits="0"/>
                            </lines>
                        </method>
                    </methods>
                    <lines>
                        <line number="47" hits="0"/>
                    </lines>
                </class>
                <class name="io.cloudslang.content.couchbase.entities.constants.Constants$ErrorMessages" filename="io/cloudslang/content/couchbase/entities/constants/Constants.java" line-rate="0.0" branch-rate="1.0" complexity="1.0">
                    <methods>
                        <method name="&lt;init&gt;" signature="()V" line-rate="0.0" branch-rate="1.0" complexity="0">
                            <lines>
                                <line number="63" hits="0"/>
                            </lines>
                        </method>
                    </methods>
                    <lines>
                        <line number="63" hits="0"/>
                    </lines>
                </class>
                <class name="io.cloudslang.content.couchbase.entities.constants.Constants$HttpClientInputsValues" filename="io/cloudslang/content/couchbase/entities/constants/Constants.java" line-rate="0.0" branch-rate="1.0" complexity="1.0">
                    <methods>
                        <method name="&lt;init&gt;" signature="()V" line-rate="0.0" branch-rate="1.0" complexity="0">
                            <lines>
                                <line number="29" hits="0"/>
                            </lines>
                        </method>
                    </methods>
                    <lines>
                        <line number="29" hits="0"/>
                    </lines>
                </class>
                <class name="io.cloudslang.content.couchbase.entities.constants.Constants$Miscellaneous" filename="io/cloudslang/content/couchbase/entities/constants/Constants.java" line-rate="0.0" branch-rate="1.0" complexity="1.0">
                    <methods>
                        <method name="&lt;init&gt;" signature="()V" line-rate="0.0" branch-rate="1.0" complexity="0">
                            <lines>
                                <line number="73" hits="0"/>
                            </lines>
                        </method>
                    </methods>
                    <lines>
                        <line number="73" hits="0"/>
                    </lines>
                </class>
                <class name="io.cloudslang.content.couchbase.entities.constants.Constants$NodeActions" filename="io/cloudslang/content/couchbase/entities/constants/Constants.java" line-rate="0.0" branch-rate="1.0" complexity="1.0">
                    <methods>
                        <method name="&lt;init&gt;" signature="()V" line-rate="0.0" branch-rate="1.0" complexity="0">
                            <lines>
                                <line number="53" hits="0"/>
                            </lines>
                        </method>
                    </methods>
                    <lines>
                        <line number="53" hits="0"/>
                    </lines>
                </class>
                <class name="io.cloudslang.content.couchbase.entities.constants.Constants$Values" filename="io/cloudslang/content/couchbase/entities/constants/Constants.java" line-rate="0.0" branch-rate="1.0" complexity="1.0">
                    <methods>
                        <method name="&lt;init&gt;" signature="()V" line-rate="0.0" branch-rate="1.0" complexity="0">
                            <lines>
                                <line number="82" hits="0"/>
                            </lines>
                        </method>
                    </methods>
                    <lines>
                        <line number="82" hits="0"/>
                    </lines>
                </class>
                <class name="io.cloudslang.content.couchbase.entities.constants.Constants$ViewsActions" filename="io/cloudslang/content/couchbase/entities/constants/Constants.java" line-rate="0.0" branch-rate="1.0" complexity="1.0">
                    <methods>
                        <method name="&lt;init&gt;" signature="()V" line-rate="0.0" branch-rate="1.0" complexity="0">
                            <lines>
                                <line number="59" hits="0"/>
                            </lines>
                        </method>
                    </methods>
                    <lines>
                        <line number="59" hits="0"/>
                    </lines>
                </class>
                <class name="io.cloudslang.content.couchbase.entities.constants.Inputs" filename="io/cloudslang/content/couchbase/entities/constants/Inputs.java" line-rate="0.0" branch-rate="1.0" complexity="1.0">
                    <methods>
                        <method name="&lt;init&gt;" signature="()V" line-rate="0.0" branch-rate="1.0" complexity="0">
                            <lines>
                                <line number="18" hits="0"/>
                                <line number="20" hits="0"/>
                            </lines>
                        </method>
                    </methods>
                    <lines>
                        <line number="18" hits="0"/>
                        <line number="20" hits="0"/>
                    </lines>
                </class>
                <class name="io.cloudslang.content.couchbase.entities.constants.Inputs$BucketInputs" filename="io/cloudslang/content/couchbase/entities/constants/Inputs.java" line-rate="0.0" branch-rate="1.0" complexity="1.0">
                    <methods>
                        <method name="&lt;init&gt;" signature="()V" line-rate="0.0" branch-rate="1.0" complexity="0">
                            <lines>
                                <line number="27" hits="0"/>
                            </lines>
                        </method>
                    </methods>
                    <lines>
                        <line number="27" hits="0"/>
                    </lines>
                </class>
                <class name="io.cloudslang.content.couchbase.entities.constants.Inputs$ClusterInputs" filename="io/cloudslang/content/couchbase/entities/constants/Inputs.java" line-rate="0.0" branch-rate="1.0" complexity="1.0">
                    <methods>
                        <method name="&lt;init&gt;" signature="()V" line-rate="0.0" branch-rate="1.0" complexity="0">
                            <lines>
                                <line number="42" hits="0"/>
                            </lines>
                        </method>
                    </methods>
                    <lines>
                        <line number="42" hits="0"/>
                    </lines>
                </class>
                <class name="io.cloudslang.content.couchbase.entities.constants.Inputs$CommonInputs" filename="io/cloudslang/content/couchbase/entities/constants/Inputs.java" line-rate="0.0" branch-rate="1.0" complexity="1.0">
                    <methods>
                        <method name="&lt;init&gt;" signature="()V" line-rate="0.0" branch-rate="1.0" complexity="0">
                            <lines>
                                <line number="22" hits="0"/>
                            </lines>
                        </method>
                    </methods>
                    <lines>
                        <line number="22" hits="0"/>
                    </lines>
                </class>
                <class name="io.cloudslang.content.couchbase.entities.constants.Inputs$NodeInputs" filename="io/cloudslang/content/couchbase/entities/constants/Inputs.java" line-rate="0.0" branch-rate="1.0" complexity="1.0">
                    <methods>
                        <method name="&lt;init&gt;" signature="()V" line-rate="0.0" branch-rate="1.0" complexity="0">
                            <lines>
                                <line number="47" hits="0"/>
                            </lines>
                        </method>
                    </methods>
                    <lines>
                        <line number="47" hits="0"/>
                    </lines>
                </class>
            </classes>
        </package>
        <package name="io.cloudslang.content.couchbase.entities.couchbase" line-rate="0.8267716535433071" branch-rate="0.5227272727272727" complexity="2.212121212121212">
            <classes>
                <class name="io.cloudslang.content.couchbase.entities.couchbase.AuthType" filename="io/cloudslang/content/couchbase/entities/couchbase/AuthType.java" line-rate="0.8571428571428571" branch-rate="0.8333333333333334" complexity="3.0">
                    <methods>
                        <method name="&lt;clinit&gt;" signature="()V" line-rate="1.0" branch-rate="1.0" complexity="0">
                            <lines>
                                <line number="21" hits="4"/>
                                <line number="22" hits="2"/>
                                <line number="23" hits="2"/>
                            </lines>
                        </method>
                        <method name="&lt;init&gt;" signature="(Ljava/lang/String;ILjava/lang/String;)V" line-rate="1.0" branch-rate="1.0" complexity="0">
                            <lines>
                                <line number="27" hits="4"/>
                                <line number="28" hits="4"/>
                                <line number="29" hits="4"/>
                            </lines>
                        </method>
                        <method name="getValue" signature="()Ljava/lang/String;" line-rate="1.0" branch-rate="1.0" complexity="0">
                            <lines>
                                <line number="32" hits="8"/>
                            </lines>
                        </method>
                        <method name="getValue" signature="(Ljava/lang/String;)Ljava/lang/String;" line-rate="0.7142857142857143" branch-rate="0.8333333333333334" complexity="0">
                            <lines>
                                <line number="36" hits="2" branch="true" condition-coverage="100% (2/2)">
                                    <conditions>
                                        <condition number="0" type="jump" coverage="100%"/>
                                    </conditions>
                                </line>
                                <line number="37" hits="1"/>
                                <line number="40" hits="2" branch="true" condition-coverage="50% (1/2)">
                                    <conditions>
                                        <condition number="0" type="jump" coverage="50%"/>
                                    </conditions>
                                </line>
                                <line number="41" hits="2" branch="true" condition-coverage="100% (2/2)">
                                    <conditions>
                                        <condition number="0" type="jump" coverage="100%"/>
                                    </conditions>
                                </line>
                                <line number="42" hits="1"/>
                                <line number="46" hits="0"/>
                                <line number="47" hits="0"/>
                            </lines>
                        </method>
                        <method name="valueOf" signature="(Ljava/lang/String;)Lio/cloudslang/content/couchbase/entities/couchbase/AuthType;" line-rate="1.0" branch-rate="1.0" complexity="0">
                            <lines>
                            </lines>
                        </method>
                        <method name="values" signature="()[Lio/cloudslang/content/couchbase/entities/couchbase/AuthType;" line-rate="1.0" branch-rate="1.0" complexity="0">
                            <lines>
                            </lines>
                        </method>
                    </methods>
                    <lines>
                        <line number="21" hits="4"/>
                        <line number="22" hits="2"/>
                        <line number="23" hits="2"/>
                        <line number="27" hits="4"/>
                        <line number="28" hits="4"/>
                        <line number="29" hits="4"/>
                        <line number="32" hits="8"/>
                        <line number="36" hits="2" branch="true" condition-coverage="100% (2/2)">
                            <conditions>
                                <condition number="0" type="jump" coverage="100%"/>
                            </conditions>
                        </line>
                        <line number="37" hits="1"/>
                        <line number="40" hits="2" branch="true" condition-coverage="50% (1/2)">
                            <conditions>
                                <condition number="0" type="jump" coverage="50%"/>
                            </conditions>
                        </line>
                        <line number="41" hits="2" branch="true" condition-coverage="100% (2/2)">
                            <conditions>
                                <condition number="0" type="jump" coverage="100%"/>
                            </conditions>
                        </line>
                        <line number="42" hits="1"/>
                        <line number="46" hits="0"/>
                        <line number="47" hits="0"/>
                    </lines>
                </class>
                <class name="io.cloudslang.content.couchbase.entities.couchbase.BucketType" filename="io/cloudslang/content/couchbase/entities/couchbase/BucketType.java" line-rate="0.6428571428571429" branch-rate="0.16666666666666666" complexity="3.0">
                    <methods>
                        <method name="&lt;clinit&gt;" signature="()V" line-rate="1.0" branch-rate="1.0" complexity="0">
                            <lines>
                                <line number="21" hits="3"/>
                                <line number="22" hits="2"/>
                                <line number="23" hits="2"/>
                            </lines>
                        </method>
                        <method name="&lt;init&gt;" signature="(Ljava/lang/String;ILjava/lang/String;)V" line-rate="1.0" branch-rate="1.0" complexity="0">
                            <lines>
                                <line number="27" hits="4"/>
                                <line number="28" hits="4"/>
                                <line number="29" hits="4"/>
                            </lines>
                        </method>
                        <method name="getValue" signature="()Ljava/lang/String;" line-rate="1.0" branch-rate="1.0" complexity="0">
                            <lines>
                                <line number="32" hits="4"/>
                            </lines>
                        </method>
                        <method name="getValue" signature="(Ljava/lang/String;)Ljava/lang/String;" line-rate="0.2857142857142857" branch-rate="0.16666666666666666" complexity="0">
                            <lines>
                                <line number="36" hits="2" branch="true" condition-coverage="50% (1/2)">
                                    <conditions>
                                        <condition number="0" type="jump" coverage="50%"/>
                                    </conditions>
                                </line>
                                <line number="37" hits="2"/>
                                <line number="40" hits="0" branch="true" condition-coverage="0% (0/2)">
                                    <conditions>
                                        <condition number="0" type="jump" coverage="0%"/>
                                    </conditions>
                                </line>
                                <line number="41" hits="0" branch="true" condition-coverage="0% (0/2)">
                                    <conditions>
                                        <condition number="0" type="jump" coverage="0%"/>
                                    </conditions>
                                </line>
                                <line number="42" hits="0"/>
                                <line number="46" hits="0"/>
                                <line number="47" hits="0"/>
                            </lines>
                        </method>
                        <method name="valueOf" signature="(Ljava/lang/String;)Lio/cloudslang/content/couchbase/entities/couchbase/BucketType;" line-rate="1.0" branch-rate="1.0" complexity="0">
                            <lines>
                            </lines>
                        </method>
                        <method name="values" signature="()[Lio/cloudslang/content/couchbase/entities/couchbase/BucketType;" line-rate="1.0" branch-rate="1.0" complexity="0">
                            <lines>
                            </lines>
                        </method>
                    </methods>
                    <lines>
                        <line number="21" hits="3"/>
                        <line number="22" hits="2"/>
                        <line number="23" hits="2"/>
                        <line number="27" hits="4"/>
                        <line number="28" hits="4"/>
                        <line number="29" hits="4"/>
                        <line number="32" hits="4"/>
                        <line number="36" hits="2" branch="true" condition-coverage="50% (1/2)">
                            <conditions>
                                <condition number="0" type="jump" coverage="50%"/>
                            </conditions>
                        </line>
                        <line number="37" hits="2"/>
                        <line number="40" hits="0" branch="true" condition-coverage="0% (0/2)">
                            <conditions>
                                <condition number="0" type="jump" coverage="0%"/>
                            </conditions>
                        </line>
                        <line number="41" hits="0" branch="true" condition-coverage="0% (0/2)">
                            <conditions>
                                <condition number="0" type="jump" coverage="0%"/>
                            </conditions>
                        </line>
                        <line number="42" hits="0"/>
                        <line number="46" hits="0"/>
                        <line number="47" hits="0"/>
                    </lines>
                </class>
                <class name="io.cloudslang.content.couchbase.entities.couchbase.ClusterUri" filename="io/cloudslang/content/couchbase/entities/couchbase/ClusterUri.java" line-rate="0.9285714285714286" branch-rate="0.75" complexity="1.75">
                    <methods>
                        <method name="&lt;clinit&gt;" signature="()V" line-rate="1.0" branch-rate="1.0" complexity="0">
                            <lines>
                                <line number="19" hits="6"/>
                                <line number="20" hits="2"/>
                                <line number="21" hits="2"/>
                                <line number="22" hits="2"/>
                            </lines>
                        </method>
                        <method name="&lt;init&gt;" signature="(Ljava/lang/String;ILjava/lang/String;Ljava/lang/String;)V" line-rate="1.0" branch-rate="1.0" complexity="0">
                            <lines>
                                <line number="27" hits="6"/>
                                <line number="28" hits="6"/>
                                <line number="29" hits="6"/>
                                <line number="30" hits="6"/>
                            </lines>
                        </method>
                        <method name="getKey" signature="()Ljava/lang/String;" line-rate="1.0" branch-rate="1.0" complexity="0">
                            <lines>
                                <line number="43" hits="6"/>
                            </lines>
                        </method>
                        <method name="getValue" signature="()Ljava/lang/String;" line-rate="1.0" branch-rate="1.0" complexity="0">
                            <lines>
                                <line number="47" hits="3"/>
                            </lines>
                        </method>
                        <method name="getValue" signature="(Ljava/lang/String;)Ljava/lang/String;" line-rate="0.75" branch-rate="0.75" complexity="0">
                            <lines>
                                <line number="33" hits="6" branch="true" condition-coverage="50% (1/2)">
                                    <conditions>
                                        <condition number="0" type="jump" coverage="50%"/>
                                    </conditions>
                                </line>
                                <line number="34" hits="6" branch="true" condition-coverage="100% (2/2)">
                                    <conditions>
                                        <condition number="0" type="jump" coverage="100%"/>
                                    </conditions>
                                </line>
                                <line number="35" hits="3"/>
                                <line number="39" hits="0"/>
                            </lines>
                        </method>
                        <method name="valueOf" signature="(Ljava/lang/String;)Lio/cloudslang/content/couchbase/entities/couchbase/ClusterUri;" line-rate="1.0" branch-rate="1.0" complexity="0">
                            <lines>
                            </lines>
                        </method>
                        <method name="values" signature="()[Lio/cloudslang/content/couchbase/entities/couchbase/ClusterUri;" line-rate="1.0" branch-rate="1.0" complexity="0">
                            <lines>
                            </lines>
                        </method>
                    </methods>
                    <lines>
                        <line number="19" hits="6"/>
                        <line number="20" hits="2"/>
                        <line number="21" hits="2"/>
                        <line number="22" hits="2"/>
                        <line number="27" hits="6"/>
                        <line number="28" hits="6"/>
                        <line number="29" hits="6"/>
                        <line number="30" hits="6"/>
                        <line number="33" hits="6" branch="true" condition-coverage="50% (1/2)">
                            <conditions>
                                <condition number="0" type="jump" coverage="50%"/>
                            </conditions>
                        </line>
                        <line number="34" hits="6" branch="true" condition-coverage="100% (2/2)">
                            <conditions>
                                <condition number="0" type="jump" coverage="100%"/>
                            </conditions>
                        </line>
                        <line number="35" hits="3"/>
                        <line number="39" hits="0"/>
                        <line number="43" hits="6"/>
                        <line number="47" hits="3"/>
                    </lines>
                </class>
                <class name="io.cloudslang.content.couchbase.entities.couchbase.ConflictResolutionType" filename="io/cloudslang/content/couchbase/entities/couchbase/ConflictResolutionType.java" line-rate="0.6428571428571429" branch-rate="0.16666666666666666" complexity="3.0">
                    <methods>
                        <method name="&lt;clinit&gt;" signature="()V" line-rate="1.0" branch-rate="1.0" complexity="0">
                            <lines>
                                <line number="21" hits="3"/>
                                <line number="22" hits="2"/>
                                <line number="23" hits="2"/>
                            </lines>
                        </method>
                        <method name="&lt;init&gt;" signature="(Ljava/lang/String;ILjava/lang/String;)V" line-rate="1.0" branch-rate="1.0" complexity="0">
                            <lines>
                                <line number="27" hits="4"/>
                                <line number="28" hits="4"/>
                                <line number="29" hits="4"/>
                            </lines>
                        </method>
                        <method name="getValue" signature="()Ljava/lang/String;" line-rate="1.0" branch-rate="1.0" complexity="0">
                            <lines>
                                <line number="32" hits="4"/>
                            </lines>
                        </method>
                        <method name="getValue" signature="(Ljava/lang/String;)Ljava/lang/String;" line-rate="0.2857142857142857" branch-rate="0.16666666666666666" complexity="0">
                            <lines>
                                <line number="36" hits="2" branch="true" condition-coverage="50% (1/2)">
                                    <conditions>
                                        <condition number="0" type="jump" coverage="50%"/>
                                    </conditions>
                                </line>
                                <line number="37" hits="2"/>
                                <line number="40" hits="0" branch="true" condition-coverage="0% (0/2)">
                                    <conditions>
                                        <condition number="0" type="jump" coverage="0%"/>
                                    </conditions>
                                </line>
                                <line number="41" hits="0" branch="true" condition-coverage="0% (0/2)">
                                    <conditions>
                                        <condition number="0" type="jump" coverage="0%"/>
                                    </conditions>
                                </line>
                                <line number="42" hits="0"/>
                                <line number="46" hits="0"/>
                                <line number="47" hits="0"/>
                            </lines>
                        </method>
                        <method name="valueOf" signature="(Ljava/lang/String;)Lio/cloudslang/content/couchbase/entities/couchbase/ConflictResolutionType;" line-rate="1.0" branch-rate="1.0" complexity="0">
                            <lines>
                            </lines>
                        </method>
                        <method name="values" signature="()[Lio/cloudslang/content/couchbase/entities/couchbase/ConflictResolutionType;" line-rate="1.0" branch-rate="1.0" complexity="0">
                            <lines>
                            </lines>
                        </method>
                    </methods>
                    <lines>
                        <line number="21" hits="3"/>
                        <line number="22" hits="2"/>
                        <line number="23" hits="2"/>
                        <line number="27" hits="4"/>
                        <line number="28" hits="4"/>
                        <line number="29" hits="4"/>
                        <line number="32" hits="4"/>
                        <line number="36" hits="2" branch="true" condition-coverage="50% (1/2)">
                            <conditions>
                                <condition number="0" type="jump" coverage="50%"/>
                            </conditions>
                        </line>
                        <line number="37" hits="2"/>
                        <line number="40" hits="0" branch="true" condition-coverage="0% (0/2)">
                            <conditions>
                                <condition number="0" type="jump" coverage="0%"/>
                            </conditions>
                        </line>
                        <line number="41" hits="0" branch="true" condition-coverage="0% (0/2)">
                            <conditions>
                                <condition number="0" type="jump" coverage="0%"/>
                            </conditions>
                        </line>
                        <line number="42" hits="0"/>
                        <line number="46" hits="0"/>
                        <line number="47" hits="0"/>
                    </lines>
                </class>
                <class name="io.cloudslang.content.couchbase.entities.couchbase.CouchbaseApi" filename="io/cloudslang/content/couchbase/entities/couchbase/CouchbaseApi.java" line-rate="1.0" branch-rate="1.0" complexity="1.0">
                    <methods>
                        <method name="&lt;clinit&gt;" signature="()V" line-rate="1.0" branch-rate="1.0" complexity="0">
                            <lines>
                                <line number="17" hits="1"/>
                                <line number="18" hits="1"/>
                            </lines>
                        </method>
                        <method name="&lt;init&gt;" signature="(Ljava/lang/String;ILjava/lang/String;)V" line-rate="1.0" branch-rate="1.0" complexity="0">
                            <lines>
                                <line number="22" hits="1"/>
                                <line number="23" hits="1"/>
                                <line number="24" hits="1"/>
                            </lines>
                        </method>
                        <method name="getValue" signature="()Ljava/lang/String;" line-rate="1.0" branch-rate="1.0" complexity="0">
                            <lines>
                                <line number="27" hits="6"/>
                            </lines>
                        </method>
                        <method name="valueOf" signature="(Ljava/lang/String;)Lio/cloudslang/content/couchbase/entities/couchbase/CouchbaseApi;" line-rate="1.0" branch-rate="1.0" complexity="0">
                            <lines>
                            </lines>
                        </method>
                        <method name="values" signature="()[Lio/cloudslang/content/couchbase/entities/couchbase/CouchbaseApi;" line-rate="1.0" branch-rate="1.0" complexity="0">
                            <lines>
                            </lines>
                        </method>
                    </methods>
                    <lines>
                        <line number="17" hits="1"/>
                        <line number="18" hits="1"/>
                        <line number="22" hits="1"/>
                        <line number="23" hits="1"/>
                        <line number="24" hits="1"/>
                        <line number="27" hits="6"/>
                    </lines>
                </class>
                <class name="io.cloudslang.content.couchbase.entities.couchbase.EvictionPolicy" filename="io/cloudslang/content/couchbase/entities/couchbase/EvictionPolicy.java" line-rate="0.6428571428571429" branch-rate="0.16666666666666666" complexity="3.0">
                    <methods>
                        <method name="&lt;clinit&gt;" signature="()V" line-rate="1.0" branch-rate="1.0" complexity="0">
                            <lines>
                                <line number="21" hits="3"/>
                                <line number="22" hits="2"/>
                                <line number="23" hits="2"/>
                            </lines>
                        </method>
                        <method name="&lt;init&gt;" signature="(Ljava/lang/String;ILjava/lang/String;)V" line-rate="1.0" branch-rate="1.0" complexity="0">
                            <lines>
                                <line number="27" hits="4"/>
                                <line number="28" hits="4"/>
                                <line number="29" hits="4"/>
                            </lines>
                        </method>
                        <method name="getValue" signature="()Ljava/lang/String;" line-rate="1.0" branch-rate="1.0" complexity="0">
                            <lines>
                                <line number="32" hits="4"/>
                            </lines>
                        </method>
                        <method name="getValue" signature="(Ljava/lang/String;)Ljava/lang/String;" line-rate="0.2857142857142857" branch-rate="0.16666666666666666" complexity="0">
                            <lines>
                                <line number="36" hits="2" branch="true" condition-coverage="50% (1/2)">
                                    <conditions>
                                        <condition number="0" type="jump" coverage="50%"/>
                                    </conditions>
                                </line>
                                <line number="37" hits="2"/>
                                <line number="40" hits="0" branch="true" condition-coverage="0% (0/2)">
                                    <conditions>
                                        <condition number="0" type="jump" coverage="0%"/>
                                    </conditions>
                                </line>
                                <line number="41" hits="0" branch="true" condition-coverage="0% (0/2)">
                                    <conditions>
                                        <condition number="0" type="jump" coverage="0%"/>
                                    </conditions>
                                </line>
                                <line number="42" hits="0"/>
                                <line number="46" hits="0"/>
                                <line number="47" hits="0"/>
                            </lines>
                        </method>
                        <method name="valueOf" signature="(Ljava/lang/String;)Lio/cloudslang/content/couchbase/entities/couchbase/EvictionPolicy;" line-rate="1.0" branch-rate="1.0" complexity="0">
                            <lines>
                            </lines>
                        </method>
                        <method name="values" signature="()[Lio/cloudslang/content/couchbase/entities/couchbase/EvictionPolicy;" line-rate="1.0" branch-rate="1.0" complexity="0">
                            <lines>
                            </lines>
                        </method>
                    </methods>
                    <lines>
                        <line number="21" hits="3"/>
                        <line number="22" hits="2"/>
                        <line number="23" hits="2"/>
                        <line number="27" hits="4"/>
                        <line number="28" hits="4"/>
                        <line number="29" hits="4"/>
                        <line number="32" hits="4"/>
                        <line number="36" hits="2" branch="true" condition-coverage="50% (1/2)">
                            <conditions>
                                <condition number="0" type="jump" coverage="50%"/>
                            </conditions>
                        </line>
                        <line number="37" hits="2"/>
                        <line number="40" hits="0" branch="true" condition-coverage="0% (0/2)">
                            <conditions>
                                <condition number="0" type="jump" coverage="0%"/>
                            </conditions>
                        </line>
                        <line number="41" hits="0" branch="true" condition-coverage="0% (0/2)">
                            <conditions>
                                <condition number="0" type="jump" coverage="0%"/>
                            </conditions>
                        </line>
                        <line number="42" hits="0"/>
                        <line number="46" hits="0"/>
                        <line number="47" hits="0"/>
                    </lines>
                </class>
                <class name="io.cloudslang.content.couchbase.entities.couchbase.NodesUri" filename="io/cloudslang/content/couchbase/entities/couchbase/NodesUri.java" line-rate="0.9285714285714286" branch-rate="0.75" complexity="1.75">
                    <methods>
                        <method name="&lt;clinit&gt;" signature="()V" line-rate="1.0" branch-rate="1.0" complexity="0">
                            <lines>
                                <line number="19" hits="4"/>
                                <line number="20" hits="1"/>
                                <line number="21" hits="1"/>
                                <line number="22" hits="1"/>
                            </lines>
                        </method>
                        <method name="&lt;init&gt;" signature="(Ljava/lang/String;ILjava/lang/String;Ljava/lang/String;)V" line-rate="1.0" branch-rate="1.0" complexity="0">
                            <lines>
                                <line number="27" hits="3"/>
                                <line number="28" hits="3"/>
                                <line number="29" hits="3"/>
                                <line number="30" hits="3"/>
                            </lines>
                        </method>
                        <method name="getKey" signature="()Ljava/lang/String;" line-rate="1.0" branch-rate="1.0" complexity="0">
                            <lines>
                                <line number="43" hits="6"/>
                            </lines>
                        </method>
                        <method name="getValue" signature="()Ljava/lang/String;" line-rate="1.0" branch-rate="1.0" complexity="0">
                            <lines>
                                <line number="47" hits="3"/>
                            </lines>
                        </method>
                        <method name="getValue" signature="(Ljava/lang/String;)Ljava/lang/String;" line-rate="0.75" branch-rate="0.75" complexity="0">
                            <lines>
                                <line number="33" hits="6" branch="true" condition-coverage="50% (1/2)">
                                    <conditions>
                                        <condition number="0" type="jump" coverage="50%"/>
                                    </conditions>
                                </line>
                                <line number="34" hits="6" branch="true" condition-coverage="100% (2/2)">
                                    <conditions>
                                        <condition number="0" type="jump" coverage="100%"/>
                                    </conditions>
                                </line>
                                <line number="35" hits="3"/>
                                <line number="39" hits="0"/>
                            </lines>
                        </method>
                        <method name="valueOf" signature="(Ljava/lang/String;)Lio/cloudslang/content/couchbase/entities/couchbase/NodesUri;" line-rate="1.0" branch-rate="1.0" complexity="0">
                            <lines>
                            </lines>
                        </method>
                        <method name="values" signature="()[Lio/cloudslang/content/couchbase/entities/couchbase/NodesUri;" line-rate="1.0" branch-rate="1.0" complexity="0">
                            <lines>
                            </lines>
                        </method>
                    </methods>
                    <lines>
                        <line number="19" hits="4"/>
                        <line number="20" hits="1"/>
                        <line number="21" hits="1"/>
                        <line number="22" hits="1"/>
                        <line number="27" hits="3"/>
                        <line number="28" hits="3"/>
                        <line number="29" hits="3"/>
                        <line number="30" hits="3"/>
                        <line number="33" hits="6" branch="true" condition-coverage="50% (1/2)">
                            <conditions>
                                <condition number="0" type="jump" coverage="50%"/>
                            </conditions>
                        </line>
                        <line number="34" hits="6" branch="true" condition-coverage="100% (2/2)">
                            <conditions>
                                <condition number="0" type="jump" coverage="100%"/>
                            </conditions>
                        </line>
                        <line number="35" hits="3"/>
                        <line number="39" hits="0"/>
                        <line number="43" hits="6"/>
                        <line number="47" hits="3"/>
                    </lines>
                </class>
                <class name="io.cloudslang.content.couchbase.entities.couchbase.RecoveryType" filename="io/cloudslang/content/couchbase/entities/couchbase/RecoveryType.java" line-rate="0.8333333333333334" branch-rate="0.75" complexity="2.3333333333333335">
                    <methods>
                        <method name="&lt;clinit&gt;" signature="()V" line-rate="1.0" branch-rate="1.0" complexity="0">
                            <lines>
                                <line number="20" hits="2"/>
                                <line number="21" hits="1"/>
                                <line number="22" hits="1"/>
                            </lines>
                        </method>
                        <method name="&lt;init&gt;" signature="(Ljava/lang/String;ILjava/lang/String;)V" line-rate="1.0" branch-rate="1.0" complexity="0">
                            <lines>
                                <line number="26" hits="2"/>
                                <line number="27" hits="2"/>
                                <line number="28" hits="2"/>
                            </lines>
                        </method>
                        <method name="getValue" signature="()Ljava/lang/String;" line-rate="1.0" branch-rate="1.0" complexity="0">
                            <lines>
                                <line number="31" hits="3"/>
                            </lines>
                        </method>
                        <method name="getValue" signature="(Ljava/lang/String;)Ljava/lang/String;" line-rate="0.6" branch-rate="0.75" complexity="0">
                            <lines>
                                <line number="35" hits="2" branch="true" condition-coverage="50% (1/2)">
                                    <conditions>
                                        <condition number="0" type="jump" coverage="50%"/>
                                    </conditions>
                                </line>
                                <line number="36" hits="2" branch="true" condition-coverage="100% (2/2)">
                                    <conditions>
                                        <condition number="0" type="jump" coverage="100%"/>
                                    </conditions>
                                </line>
                                <line number="37" hits="1"/>
                                <line number="41" hits="0"/>
                                <line number="42" hits="0"/>
                            </lines>
                        </method>
                        <method name="valueOf" signature="(Ljava/lang/String;)Lio/cloudslang/content/couchbase/entities/couchbase/RecoveryType;" line-rate="1.0" branch-rate="1.0" complexity="0">
                            <lines>
[...]
                                <line number="201" hits="3"/>
                            </lines>
                        </method>
                        <method name="getValidPort" signature="(Ljava/lang/String;)I" line-rate="1.0" branch-rate="1.0" complexity="0">
                            <lines>
                                <line number="133" hits="5" branch="true" condition-coverage="100% (2/2)">
                                    <conditions>
                                        <condition number="0" type="jump" coverage="100%"/>
                                    </conditions>
                                </line>
                                <line number="134" hits="3"/>
                                <line number="137" hits="2" branch="true" condition-coverage="100% (2/2)">
                                    <conditions>
                                        <condition number="0" type="jump" coverage="100%"/>
                                    </conditions>
                                </line>
                                <line number="138" hits="1"/>
                                <line number="141" hits="1"/>
                            </lines>
                        </method>
                        <method name="isValidIPv4Address" signature="(Ljava/lang/String;)Z" line-rate="1.0" branch-rate="1.0" complexity="0">
                            <lines>
                                <line number="247" hits="9" branch="true" condition-coverage="100% (2/2)">
                                    <conditions>
                                        <condition number="0" type="jump" coverage="100%"/>
                                    </conditions>
                                </line>
                            </lines>
                        </method>
                        <method name="setOptionalMapEntry" signature="(Ljava/util/Map;Ljava/lang/String;Ljava/lang/String;Z)V" line-rate="1.0" branch-rate="1.0" complexity="0">
                            <lines>
                                <line number="174" hits="9" branch="true" condition-coverage="100% (2/2)">
                                    <conditions>
                                        <condition number="0" type="jump" coverage="100%"/>
                                    </conditions>
                                </line>
                                <line number="175" hits="5"/>
                                <line number="177" hits="9"/>
                            </lines>
                        </method>
                        <method name="validateClusterInternalNodeFormat" signature="(Ljava/lang/String;)V" line-rate="1.0" branch-rate="1.0" complexity="0">
                            <lines>
                                <line number="232" hits="10" branch="true" condition-coverage="100% (2/2)">
                                    <conditions>
                                        <condition number="0" type="jump" coverage="100%"/>
                                    </conditions>
                                </line>
                                <line number="233" hits="1"/>
                                <line number="237" hits="9"/>
                                <line number="238" hits="9"/>
                                <line number="240" hits="9" branch="true" condition-coverage="100% (2/2)">
                                    <conditions>
                                        <condition number="0" type="jump" coverage="100%"/>
                                    </conditions>
                                </line>
                                <line number="241" hits="1"/>
                                <line number="244" hits="8"/>
                            </lines>
                        </method>
                        <method name="validateNotBothBlankInputs" signature="(Ljava/lang/String;Ljava/lang/String;Ljava/lang/String;Ljava/lang/String;)V" line-rate="0.6666666666666666" branch-rate="0.25" complexity="0">
                            <lines>
                                <line number="205" hits="1" branch="true" condition-coverage="25% (1/4)">
                                    <conditions>
                                        <condition number="0" type="jump" coverage="50%"/>
                                        <condition number="1" type="jump" coverage="0%"/>
                                    </conditions>
                                </line>
                                <line number="206" hits="0"/>
                                <line number="209" hits="1"/>
                            </lines>
                        </method>
                        <method name="validateRebalancingNodesPayloadInputs" signature="(Ljava/lang/String;Ljava/lang/String;)V" line-rate="1.0" branch-rate="0.75" complexity="0">
                            <lines>
                                <line number="212" hits="2"/>
                                <line number="213" hits="2" branch="true" condition-coverage="50% (1/2)">
                                    <conditions>
                                        <condition number="0" type="jump" coverage="50%"/>
                                    </conditions>
                                </line>
                                <line number="214" hits="7" branch="true" condition-coverage="100% (2/2)">
                                    <conditions>
                                        <condition number="0" type="jump" coverage="100%"/>
                                    </conditions>
                                </line>
                                <line number="215" hits="5"/>
                                <line number="218" hits="2"/>
                            </lines>
                        </method>
                    </methods>
                    <lines>
                        <line number="57" hits="0"/>
                        <line number="59" hits="0"/>
                        <line number="66" hits="15"/>
                        <line number="67" hits="15"/>
                        <line number="68" hits="15"/>
                        <line number="69" hits="15"/>
                        <line number="70" hits="15"/>
                        <line number="71" hits="15"/>
                        <line number="73" hits="15"/>
                        <line number="74" hits="15"/>
                        <line number="75" hits="15"/>
                        <line number="77" hits="15" branch="true" condition-coverage="75% (3/4)">
                            <conditions>
                                <condition number="0" type="jump" coverage="100%"/>
                                <condition number="1" type="jump" coverage="50%"/>
                            </conditions>
                        </line>
                        <line number="78" hits="1"/>
                        <line number="79" hits="1"/>
                        <line number="82" hits="15" branch="true" condition-coverage="75% (3/4)">
                            <conditions>
                                <condition number="0" type="jump" coverage="100%"/>
                                <condition number="1" type="jump" coverage="50%"/>
                            </conditions>
                        </line>
                        <line number="83" hits="1"/>
                        <line number="84" hits="1"/>
                        <line number="87" hits="15" branch="true" condition-coverage="75% (3/4)">
                            <conditions>
                                <condition number="0" type="jump" coverage="100%"/>
                                <condition number="1" type="jump" coverage="50%"/>
                            </conditions>
                        </line>
                        <line number="88" hits="1"/>
                        <line number="89" hits="1"/>
                        <line number="92" hits="15" branch="true" condition-coverage="75% (3/4)">
                            <conditions>
                                <condition number="0" type="jump" coverage="100%"/>
                                <condition number="1" type="jump" coverage="50%"/>
                            </conditions>
                        </line>
                        <line number="93" hits="1"/>
                        <line number="94" hits="1"/>
                        <line number="97" hits="15"/>
                        <line number="98" hits="15"/>
                        <line number="100" hits="15" branch="true" condition-coverage="100% (2/2)">
                            <conditions>
                                <condition number="0" type="jump" coverage="100%"/>
                            </conditions>
                        </line>
                        <line number="101" hits="14"/>
                        <line number="103" hits="1" branch="true" condition-coverage="50% (1/2)">
                            <conditions>
                                <condition number="0" type="jump" coverage="50%"/>
                            </conditions>
                        </line>
                        <line number="104" hits="1"/>
                        <line number="108" hits="15"/>
                        <line number="112" hits="14"/>
                        <line number="116" hits="10" branch="true" condition-coverage="100% (2/2)">
                            <conditions>
                                <condition number="0" type="jump" coverage="100%"/>
                            </conditions>
                        </line>
                        <line number="120" hits="6" branch="true" condition-coverage="100% (2/2)">
                            <conditions>
                                <condition number="0" type="jump" coverage="100%"/>
                            </conditions>
                        </line>
                        <line number="121" hits="1"/>
                        <line number="124" hits="5"/>
                        <line number="125" hits="5" branch="true" condition-coverage="100% (2/2)">
                            <conditions>
                                <condition number="0" type="jump" coverage="100%"/>
                            </conditions>
                        </line>
                        <line number="126" hits="18"/>
                        <line number="127" hits="18"/>
                        <line number="129" hits="5" branch="true" condition-coverage="100% (2/2)">
                            <conditions>
                                <condition number="0" type="jump" coverage="100%"/>
                            </conditions>
                        </line>
                        <line number="133" hits="5" branch="true" condition-coverage="100% (2/2)">
                            <conditions>
                                <condition number="0" type="jump" coverage="100%"/>
                            </conditions>
                        </line>
                        <line number="134" hits="3"/>
                        <line number="137" hits="2" branch="true" condition-coverage="100% (2/2)">
                            <conditions>
                                <condition number="0" type="jump" coverage="100%"/>
                            </conditions>
                        </line>
                        <line number="138" hits="1"/>
                        <line number="141" hits="1"/>
                        <line number="145" hits="4" branch="true" condition-coverage="100% (2/2)">
                            <conditions>
                                <condition number="0" type="jump" coverage="100%"/>
                            </conditions>
                        </line>
                        <line number="146" hits="2"/>
                        <line number="149" hits="2"/>
                        <line number="165" hits="51" branch="true" condition-coverage="75% (3/4)">
                            <conditions>
                                <condition number="0" type="jump" coverage="100%"/>
                                <condition number="1" type="jump" coverage="50%"/>
                            </conditions>
                        </line>
                        <line number="169" hits="22" branch="true" condition-coverage="100% (4/4)">
                            <conditions>
                                <condition number="0" type="jump" coverage="100%"/>
                                <condition number="1" type="jump" coverage="100%"/>
                            </conditions>
                        </line>
                        <line number="170" hits="3"/>
                        <line number="174" hits="9" branch="true" condition-coverage="100% (2/2)">
                            <conditions>
                                <condition number="0" type="jump" coverage="100%"/>
                            </conditions>
                        </line>
                        <line number="175" hits="5"/>
                        <line number="177" hits="9"/>
                        <line number="180" hits="5"/>
                        <line number="181" hits="16" branch="true" condition-coverage="100% (2/2)">
                            <conditions>
                                <condition number="0" type="jump" coverage="100%"/>
                            </conditions>
                        </line>
                        <line number="182" hits="11" branch="true" condition-coverage="100% (2/2)">
                            <conditions>
                                <condition number="0" type="jump" coverage="100%"/>
                            </conditions>
                        </line>
                        <line number="183" hits="2"/>
                        <line number="184" hits="9" branch="true" condition-coverage="100% (2/2)">
                            <conditions>
                                <condition number="0" type="jump" coverage="100%"/>
                            </conditions>
                        </line>
                        <line number="185" hits="2"/>
                        <line number="186" hits="7" branch="true" condition-coverage="100% (2/2)">
                            <conditions>
                                <condition number="0" type="jump" coverage="100%"/>
                            </conditions>
                        </line>
                        <line number="187" hits="2"/>
                        <line number="188" hits="5" branch="true" condition-coverage="100% (2/2)">
                            <conditions>
                                <condition number="0" type="jump" coverage="100%"/>
                            </conditions>
                        </line>
                        <line number="189" hits="2"/>
                        <line number="190" hits="3" branch="true" condition-coverage="50% (1/2)">
                            <conditions>
                                <condition number="0" type="jump" coverage="50%"/>
                            </conditions>
                        </line>
                        <line number="191" hits="0"/>
                        <line number="195" hits="5" branch="true" condition-coverage="100% (2/2)">
                            <conditions>
                                <condition number="0" type="jump" coverage="100%"/>
                            </conditions>
                        </line>
                        <line number="199" hits="5"/>
                        <line number="201" hits="3"/>
                        <line number="205" hits="1" branch="true" condition-coverage="25% (1/4)">
                            <conditions>
                                <condition number="0" type="jump" coverage="50%"/>
                                <condition number="1" type="jump" coverage="0%"/>
                            </conditions>
                        </line>
                        <line number="206" hits="0"/>
                        <line number="209" hits="1"/>
                        <line number="212" hits="2"/>
                        <line number="213" hits="2" branch="true" condition-coverage="50% (1/2)">
                            <conditions>
                                <condition number="0" type="jump" coverage="50%"/>
                            </conditions>
                        </line>
                        <line number="214" hits="7" branch="true" condition-coverage="100% (2/2)">
                            <conditions>
                                <condition number="0" type="jump" coverage="100%"/>
                            </conditions>
                        </line>
                        <line number="215" hits="5"/>
                        <line number="218" hits="2"/>
                        <line number="221" hits="31" branch="true" condition-coverage="100% (2/2)">
                            <conditions>
                                <condition number="0" type="jump" coverage="100%"/>
                            </conditions>
                        </line>
                        <line number="225" hits="2" branch="true" condition-coverage="50% (1/2)">
                            <conditions>
                                <condition number="0" type="jump" coverage="50%"/>
                            </conditions>
                        </line>
                        <line number="226" hits="0"/>
                        <line number="228" hits="2"/>
                        <line number="232" hits="10" branch="true" condition-coverage="100% (2/2)">
                            <conditions>
                                <condition number="0" type="jump" coverage="100%"/>
                            </conditions>
                        </line>
                        <line number="233" hits="1"/>
                        <line number="237" hits="9"/>
                        <line number="238" hits="9"/>
                        <line number="240" hits="9" branch="true" condition-coverage="100% (2/2)">
                            <conditions>
                                <condition number="0" type="jump" coverage="100%"/>
                            </conditions>
                        </line>
                        <line number="241" hits="1"/>
                        <line number="244" hits="8"/>
                        <line number="247" hits="9" branch="true" condition-coverage="100% (2/2)">
                            <conditions>
                                <condition number="0" type="jump" coverage="100%"/>
                            </conditions>
                        </line>
                        <line number="251" hits="3" branch="true" condition-coverage="100% (2/2)">
                            <conditions>
                                <condition number="0" type="jump" coverage="100%"/>
                            </conditions>
                        </line>
                        <line number="252" hits="1"/>
                        <line number="255" hits="2"/>
                        <line number="261" hits="3"/>
                        <line number="262" hits="2" branch="true" condition-coverage="100% (2/2)">
                            <conditions>
                                <condition number="0" type="jump" coverage="100%"/>
                            </conditions>
                        </line>
                        <line number="263" hits="1"/>
                        <line number="267" hits="1"/>
                        <line number="268" hits="1"/>
                        <line number="269" hits="1"/>
                        <line number="274" hits="14"/>
                    </lines>
                </class>
            </classes>
        </package>
    </packages>
</coverage>
